<?xml version="1.0" encoding="UTF-8"?>
<!-- Generated by org.testng.reporters.JUnitReportReporter -->
<testsuite hostname="GirishS" name="com.airbnb.components.searchAndFilter.SearchCityWithPriceFilter" tests="1" failures="0" timestamp="30 Mar 2018 04:50:18 GMT" time="33.069" errors="0">
  <testcase name="searchCityHomeBasedOnPrice" time="33.069" classname="com.airbnb.components.searchAndFilter.SearchCityWithPriceFilter"/>
</testsuite> <!-- com.airbnb.components.searchAndFilter.SearchCityWithPriceFilter -->
